<?xml version="1.0" encoding="UTF-8"?>
<!-- Generated by org.testng.reporters.JUnitReportReporter -->
<testsuite skipped="0" hostname="Naveenkrish" name="week1.CreateLeads" tests="1" failures="0" timestamp="03 May 2018 04:46:51 GMT" time="158.301" errors="0">
  <testcase name="run" time="158.301" classname="week1.CreateLeads"/>
</testsuite> <!-- week1.CreateLeads -->
